  08_helperTask.cpp
C:\Users\dev\source\repos\BD322_oop\08_helperTask\PrQueue.h(145,1): warning C4267: 'return': conversion from 'size_t' to 'int', possible loss of data
C:\Users\dev\source\repos\BD322_oop\08_helperTask\PrQueue.h(141,1): message : while compiling class template member function 'int PrQueue<int>::getPos(const Node<T>) const'
          with
          [
              T=int
          ]
C:\Users\dev\source\repos\BD322_oop\08_helperTask\PrQueue.h(58,12): message : see reference to function template instantiation 'int PrQueue<int>::getPos(const Node<T>) const' being compiled
          with
          [
              T=int
          ]
C:\Users\dev\source\repos\BD322_oop\08_helperTask\PrQueue.h(56,1): message : while compiling class template member function 'void PrQueue<int>::push(const Node<T> &)'
          with
          [
              T=int
          ]
C:\Users\dev\source\repos\BD322_oop\08_helperTask\08_helperTask.cpp(12,10): message : see reference to function template instantiation 'void PrQueue<int>::push(const Node<T> &)' being compiled
          with
          [
              T=int
          ]
C:\Users\dev\source\repos\BD322_oop\08_helperTask\08_helperTask.cpp(6,19): message : see reference to class template instantiation 'PrQueue<int>' being compiled
  08_helperTask.vcxproj -> C:\Users\dev\source\repos\BD322_oop\x64\Debug\08_helperTask.exe
